23:00:03.722 [main] INFO  com.OpenCart.Header.TC_HeaderSection - Verifying Desktop links present
23:00:03.729 [main] INFO  com.OpenCart.Header.TC_HeaderSection - Verify links present in MP3 Player Menu
23:00:03.834 [main] ERROR com.OpenCart.Header.TC_HeaderSection - Header test cases failed and Exception occurred: TypeError: arguments[0].scrollIntoView is not a function
Build info: version: '4.24.0', revision: '748ffc9bc3'
System info: os.name: 'Mac OS X', os.arch: 'x86_64', os.version: '15.0', java.version: '17.0.9'
Driver info: org.openqa.selenium.firefox.FirefoxDriver
Command: [d8c2668f-0f71-418b-aa02-cdd9e026fa45, executeScript {script=arguments[0].scrollIntoView({block: 'center', inline: 'center'});, args=[[{element-6066-11e4-a52e-4f735466cecf=a55f6d33-a195-4c52-a5cb-d31d8936e368}, {element-6066-11e4-a52e-4f735466cecf=b9502961-fa84-4780-8e54-67eacf01b4ad}, {element-6066-11e4-a52e-4f735466cecf=96172027-fc76-4435-8504-2a73603814eb}, {element-6066-11e4-a52e-4f735466cecf=a08af57c-94e3-4e6a-887c-ae43cc281997}, {element-6066-11e4-a52e-4f735466cecf=df45fbae-b39e-4357-b73b-be34762acbaa}, {element-6066-11e4-a52e-4f735466cecf=2e67971e-a941-4ee3-83c9-a0c7c371a282}, {element-6066-11e4-a52e-4f735466cecf=012c5ddb-dabc-460d-9565-c5ceef80e777}, {element-6066-11e4-a52e-4f735466cecf=a355d3d1-d4aa-487a-ace0-ccd040ca27f3}, {element-6066-11e4-a52e-4f735466cecf=82dd62d2-bcc4-47cb-8f7f-d51c97db69c7}, {element-6066-11e4-a52e-4f735466cecf=89dee202-e9dc-48db-b16d-35326a4f817d}, {element-6066-11e4-a52e-4f735466cecf=b934ccd1-be8d-41f4-b69f-f0553d6cba69}, {element-6066-11e4-a52e-4f735466cecf=339ffa2d-0630-4a11-9a02-fdb4b2a9f326}, {element-6066-11e4-a52e-4f735466cecf=5a63fc16-4358-4337-9910-85876b694ee7}, {element-6066-11e4-a52e-4f735466cecf=a7b5b3c4-5fbc-42a8-b217-c4fb5ea04360}, {element-6066-11e4-a52e-4f735466cecf=a18fd594-5f4d-4d2c-ab8c-c20d41ce89ff}, {element-6066-11e4-a52e-4f735466cecf=70d79912-b975-4718-893a-48a112f3cecb}, {element-6066-11e4-a52e-4f735466cecf=72a4f857-17e6-44a8-8276-3c8782a5a0b9}, {element-6066-11e4-a52e-4f735466cecf=8e117822-dc2f-4f6c-a42c-603aa7fd9f66}, {element-6066-11e4-a52e-4f735466cecf=e2b39335-0c24-42d7-9fbf-16c3f3c87ee0}, {element-6066-11e4-a52e-4f735466cecf=ca9462bb-02e8-4cb2-91ca-693c427988bd}]]}]
Capabilities {acceptInsecureCerts: true, browserName: firefox, browserVersion: 130.0, moz:accessibilityChecks: false, moz:buildID: 20240829075237, moz:debuggerAddress: 127.0.0.1:28338, moz:geckodriverVersion: 0.35.0, moz:headless: false, moz:platformVersion: 24.0.0, moz:processID: 79734, moz:profile: /var/folders/hq/w2wzr2wj0qq..., moz:shutdownTimeout: 60000, moz:webdriverClick: true, moz:windowless: false, pageLoadStrategy: normal, platformName: mac, proxy: Proxy(), se:cdp: ws://127.0.0.1:28338/devtoo..., se:cdpVersion: 85.0, setWindowRect: true, strictFileInteractability: false, timeouts: {implicit: 0, pageLoad: 300000, script: 30000}, unhandledPromptBehavior: dismiss and notify, userAgent: Mozilla/5.0 (Macintosh; Int...}
Session ID: d8c2668f-0f71-418b-aa02-cdd9e026fa45
23:02:07.536 [main] INFO  com.OpenCart.Header.TC_HeaderSection - ************** Header Section Started *************
23:02:07.599 [main] INFO  com.OpenCart.Header.TC_HeaderSection - Checking all links present in the header
23:02:07.599 [main] INFO  com.OpenCart.Header.TC_HeaderSection - Verifying Desktop links present
23:02:07.599 [main] INFO  com.OpenCart.Header.TC_HeaderSection - Verify links present in MP3 Player Menu
23:02:12.895 [main] ERROR com.OpenCart.Header.TC_HeaderSection - Header test cases failed and Exception occurred: Unable to locate element: (//li[@class='dropdown'])[5]
For documentation on this error, please visit: https://www.selenium.dev/documentation/webdriver/troubleshooting/errors#no-such-element-exception
Build info: version: '4.24.0', revision: '748ffc9bc3'
System info: os.name: 'Mac OS X', os.arch: 'x86_64', os.version: '15.0', java.version: '17.0.9'
Driver info: org.openqa.selenium.firefox.FirefoxDriver
Command: [3d35f793-11a7-464c-bb97-2edbb19e2ae8, findElement {value=(//li[@class='dropdown'])[5], using=xpath}]
Capabilities {acceptInsecureCerts: true, browserName: firefox, browserVersion: 130.0, moz:accessibilityChecks: false, moz:buildID: 20240829075237, moz:debuggerAddress: 127.0.0.1:25478, moz:geckodriverVersion: 0.35.0, moz:headless: false, moz:platformVersion: 24.0.0, moz:processID: 79815, moz:profile: /var/folders/hq/w2wzr2wj0qq..., moz:shutdownTimeout: 60000, moz:webdriverClick: true, moz:windowless: false, pageLoadStrategy: normal, platformName: mac, proxy: Proxy(), se:cdp: ws://127.0.0.1:25478/devtoo..., se:cdpVersion: 85.0, setWindowRect: true, strictFileInteractability: false, timeouts: {implicit: 0, pageLoad: 300000, script: 30000}, unhandledPromptBehavior: dismiss and notify, userAgent: Mozilla/5.0 (Macintosh; Int...}
Session ID: 3d35f793-11a7-464c-bb97-2edbb19e2ae8
23:07:52.765 [main] INFO  com.OpenCart.Header.TC_HeaderSection - ************** Header Section Started *************
23:07:52.822 [main] INFO  com.OpenCart.Header.TC_HeaderSection - Checking all links present in the header
