21:07:29.543 [main] DEBUG org.apache.poi.openxml4j.opc.PackageRelationshipCollection - Parsing relationship: /xl/_rels/workbook.xml.rels
21:07:29.559 [main] DEBUG org.apache.poi.openxml4j.opc.PackageRelationshipCollection - Parsing relationship: /xl/worksheets/_rels/sheet1.xml.rels
21:07:29.560 [main] DEBUG org.apache.poi.openxml4j.opc.PackageRelationshipCollection - Parsing relationship: /_rels/.rels
21:07:29.600 [main] DEBUG org.apache.poi.openxml4j.opc.PackageRelationshipCollection - Parsing relationship: /xl/_rels/workbook.xml.rels
21:07:29.601 [main] DEBUG org.apache.poi.openxml4j.opc.PackageRelationshipCollection - Parsing relationship: /xl/worksheets/_rels/sheet1.xml.rels
21:07:29.602 [main] DEBUG org.apache.poi.openxml4j.opc.PackageRelationshipCollection - Parsing relationship: /_rels/.rels
21:07:29.650 [main] DEBUG org.apache.poi.openxml4j.opc.PackageRelationshipCollection - Parsing relationship: /xl/_rels/workbook.xml.rels
21:07:29.652 [main] DEBUG org.apache.poi.openxml4j.opc.PackageRelationshipCollection - Parsing relationship: /xl/worksheets/_rels/sheet1.xml.rels
21:07:29.652 [main] DEBUG org.apache.poi.openxml4j.opc.PackageRelationshipCollection - Parsing relationship: /_rels/.rels
21:07:29.695 [main] DEBUG org.apache.poi.openxml4j.opc.PackageRelationshipCollection - Parsing relationship: /xl/_rels/workbook.xml.rels
21:07:29.703 [main] DEBUG org.apache.poi.openxml4j.opc.PackageRelationshipCollection - Parsing relationship: /xl/worksheets/_rels/sheet1.xml.rels
21:07:29.705 [main] DEBUG org.apache.poi.openxml4j.opc.PackageRelationshipCollection - Parsing relationship: /_rels/.rels
21:07:29.841 [main] DEBUG org.apache.poi.openxml4j.opc.PackageRelationshipCollection - Parsing relationship: /xl/_rels/workbook.xml.rels
21:07:29.850 [main] DEBUG org.apache.poi.openxml4j.opc.PackageRelationshipCollection - Parsing relationship: /xl/worksheets/_rels/sheet1.xml.rels
21:07:29.853 [main] DEBUG org.apache.poi.openxml4j.opc.PackageRelationshipCollection - Parsing relationship: /_rels/.rels
21:07:29.939 [main] DEBUG org.apache.poi.openxml4j.opc.PackageRelationshipCollection - Parsing relationship: /xl/_rels/workbook.xml.rels
21:07:29.940 [main] DEBUG org.apache.poi.openxml4j.opc.PackageRelationshipCollection - Parsing relationship: /xl/worksheets/_rels/sheet1.xml.rels
21:07:29.941 [main] DEBUG org.apache.poi.openxml4j.opc.PackageRelationshipCollection - Parsing relationship: /_rels/.rels
21:07:29.974 [main] DEBUG org.apache.poi.openxml4j.opc.PackageRelationshipCollection - Parsing relationship: /xl/_rels/workbook.xml.rels
21:07:29.975 [main] DEBUG org.apache.poi.openxml4j.opc.PackageRelationshipCollection - Parsing relationship: /xl/worksheets/_rels/sheet1.xml.rels
21:07:29.975 [main] DEBUG org.apache.poi.openxml4j.opc.PackageRelationshipCollection - Parsing relationship: /_rels/.rels
21:07:30.048 [main] INFO  com.OpenCart.Login.TC_LoginPageDDT - ********** Started TC_LoginPage DDT Test ***********
21:07:32.282 [main] INFO  com.OpenCart.Login.TC_LoginPageDDT - Entering login details
21:07:35.121 [main] INFO  com.OpenCart.Login.TC_LoginPageDDT - Login successful, logging out...
21:07:38.661 [main] INFO  com.OpenCart.Login.TC_LoginPageDDT - ********** Completed TC_LoginPage DDT Test ***********
21:07:38.716 [main] INFO  com.OpenCart.Login.TC_LoginPageDDT - ********** Started TC_LoginPage DDT Test ***********
21:07:39.771 [main] INFO  com.OpenCart.Login.TC_LoginPageDDT - Entering login details
21:07:41.830 [main] INFO  com.OpenCart.Login.TC_LoginPageDDT - Login failed as expected with invalid credentials.
21:07:44.835 [main] INFO  com.OpenCart.Login.TC_LoginPageDDT - ********** Completed TC_LoginPage DDT Test ***********
21:07:44.856 [main] INFO  com.OpenCart.Login.TC_LoginPageDDT - ********** Started TC_LoginPage DDT Test ***********
21:07:45.366 [main] INFO  com.OpenCart.Login.TC_LoginPageDDT - Entering login details
21:07:46.669 [main] INFO  com.OpenCart.Login.TC_LoginPageDDT - Login successful, logging out...
21:07:50.701 [main] INFO  com.OpenCart.Login.TC_LoginPageDDT - ********** Completed TC_LoginPage DDT Test ***********
21:07:50.714 [main] INFO  com.OpenCart.Login.TC_LoginPageDDT - ********** Started TC_LoginPage DDT Test ***********
21:07:51.135 [main] INFO  com.OpenCart.Login.TC_LoginPageDDT - Entering login details
21:07:51.915 [main] INFO  com.OpenCart.Login.TC_LoginPageDDT - Login failed as expected with invalid credentials.
21:07:54.921 [main] INFO  com.OpenCart.Login.TC_LoginPageDDT - ********** Completed TC_LoginPage DDT Test ***********
21:07:54.934 [main] INFO  com.OpenCart.Login.TC_LoginPageDDT - ********** Started TC_LoginPage DDT Test ***********
21:07:55.274 [main] INFO  com.OpenCart.Login.TC_LoginPageDDT - Entering login details
21:07:57.934 [main] INFO  com.OpenCart.Login.TC_LoginPageDDT - Login failed as expected with invalid credentials.
21:08:00.941 [main] INFO  com.OpenCart.Login.TC_LoginPageDDT - ********** Completed TC_LoginPage DDT Test ***********
22:25:05.164 [main] INFO  com.OpenCart.Login.TC_LoginPage - ************ Login Page Started ************* 
