21:33:46.667 [main] INFO  com.OpenCart.Register.TC_RegisterPage - ********** Started TC_RegisterPage TestCases *********
21:33:47.503 [main] INFO  com.OpenCart.Register.TC_RegisterPage - Clicked on My Account button 
21:33:50.450 [main] INFO  com.OpenCart.Register.TC_RegisterPage - Clicked on Register Link 
21:33:50.450 [main] INFO  com.OpenCart.Register.TC_RegisterPage - Providing Customer Details
21:33:54.985 [main] INFO  com.OpenCart.Register.TC_RegisterPage - Validiting Expected Message...
21:33:55.102 [main] INFO  com.OpenCart.Register.TC_RegisterPage - Actual Confirmation Message: Your Account Has Been Created!
21:33:55.102 [main] INFO  com.OpenCart.Register.TC_RegisterPage - ********** Completed TC_RegisterPage TestCases *********
21:34:08.823 [main] INFO  com.OpenCart.Login.TC_LoginPage - ************ Login Page Started ************* 
21:34:10.497 [main] INFO  com.OpenCart.Login.TC_LoginPage - Entering login details
21:34:12.857 [main] INFO  com.OpenCart.Login.TC_LoginPage - ************ Login Page Test Ended*********8
23:02:01.632 [main] DEBUG org.testng.TestNG - suiteXmlPath: "/Volumes/YTech/AA_Java_And_Testing/E-Commerce_project/OpenCart/Build/testng.xml"
23:02:06.814 [main] INFO  com.OpenCart.Register.TC_RegisterPage - ********** Started TC_RegisterPage TestCases *********
23:02:06.880 [main] INFO  com.OpenCart.Register.TC_RegisterPage - Clicked on My Account button 
23:02:08.233 [main] INFO  com.OpenCart.Register.TC_RegisterPage - Clicked on Register Link 
23:02:08.233 [main] INFO  com.OpenCart.Register.TC_RegisterPage - Providing Customer Details
23:02:09.357 [main] INFO  com.OpenCart.Register.TC_RegisterPage - Validiting Expected Message...
23:02:09.378 [main] INFO  com.OpenCart.Register.TC_RegisterPage - Actual Confirmation Message: Your Account Has Been Created!
23:02:09.378 [main] INFO  com.OpenCart.Register.TC_RegisterPage - ********** Completed TC_RegisterPage TestCases *********
23:27:53.058 [main] INFO  com.OpenCart.Register.TC_RegisterPage - ********** Started TC_RegisterPage TestCases *********
23:27:54.011 [main] INFO  com.OpenCart.Register.TC_RegisterPage - Clicked on My Account button 
23:27:57.074 [main] INFO  com.OpenCart.Register.TC_RegisterPage - Clicked on Register Link 
23:27:57.074 [main] INFO  com.OpenCart.Register.TC_RegisterPage - Providing Customer Details
23:28:02.627 [main] INFO  com.OpenCart.Register.TC_RegisterPage - Validiting Expected Message...
23:28:02.742 [main] INFO  com.OpenCart.Register.TC_RegisterPage - Actual Confirmation Message: Your Account Has Been Created!
23:28:02.742 [main] INFO  com.OpenCart.Register.TC_RegisterPage - ********** Completed TC_RegisterPage TestCases *********
23:28:16.371 [main] INFO  com.OpenCart.Login.TC_LoginPage - ************ Login Page Started ************* 
23:28:18.112 [main] INFO  com.OpenCart.Login.TC_LoginPage - Entering login details
23:28:21.016 [main] INFO  com.OpenCart.Login.TC_LoginPage - ************ Login Page Test Ended*********8
23:36:03.993 [main] DEBUG org.testng.TestNG - suiteXmlPath: "/Volumes/YTech/AA__Java_And_Testing/E-Commerce_project/OpenCart/Build/testng.xml"
23:36:08.514 [main] INFO  com.OpenCart.Register.TC_RegisterPage - ********** Started TC_RegisterPage TestCases *********
23:36:11.114 [main] INFO  com.OpenCart.Register.TC_RegisterPage - Clicked on My Account button 
23:36:12.581 [main] INFO  com.OpenCart.Register.TC_RegisterPage - Clicked on Register Link 
23:36:12.581 [main] INFO  com.OpenCart.Register.TC_RegisterPage - Providing Customer Details
23:36:13.454 [main] INFO  com.OpenCart.Register.TC_RegisterPage - Validiting Expected Message...
23:36:13.478 [main] INFO  com.OpenCart.Register.TC_RegisterPage - Actual Confirmation Message: Your Account Has Been Created!
23:36:13.478 [main] INFO  com.OpenCart.Register.TC_RegisterPage - ********** Completed TC_RegisterPage TestCases *********
23:36:26.776 [main] INFO  com.OpenCart.Login.TC_LoginPage - ************ Login Page Started ************* 
23:36:28.780 [main] INFO  com.OpenCart.Login.TC_LoginPage - Entering login details
23:36:31.461 [main] INFO  com.OpenCart.Login.TC_LoginPage - ************ Login Page Test Ended*********8
