22:25:05.723 [main] INFO  com.OpenCart.Login.TC_LoginPage - Entering login details
22:25:07.875 [main] INFO  com.OpenCart.Login.TC_LoginPage - ************ Login Page Test Ended*********8
22:34:08.107 [TestNG-tests-1] INFO  com.OpenCart.Register.TC_RegisterPage - ********** Started TC_RegisterPage TestCases *********
22:34:08.704 [TestNG-tests-1] INFO  com.OpenCart.Register.TC_RegisterPage - Clicked on My Account button 
22:34:10.949 [TestNG-tests-1] INFO  com.OpenCart.Register.TC_RegisterPage - Clicked on Register Link 
22:34:10.952 [TestNG-tests-1] INFO  com.OpenCart.Register.TC_RegisterPage - Providing Customer Details
22:34:12.124 [TestNG-tests-2] INFO  com.OpenCart.Register.TC_RegisterPage - ********** Started TC_RegisterPage TestCases *********
22:34:12.523 [TestNG-tests-2] INFO  com.OpenCart.Register.TC_RegisterPage - Clicked on My Account button 
22:34:12.747 [TestNG-tests-1] INFO  com.OpenCart.Register.TC_RegisterPage - Validiting Expected Message...
22:34:12.805 [TestNG-tests-1] INFO  com.OpenCart.Register.TC_RegisterPage - Actual Confirmation Message: Your Account Has Been Created!
22:34:12.805 [TestNG-tests-1] INFO  com.OpenCart.Register.TC_RegisterPage - ********** Completed TC_RegisterPage TestCases *********
22:34:13.575 [TestNG-tests-2] ERROR com.OpenCart.Register.TC_RegisterPage - Exception occurred: Error communicating with the remote browser. It may have died.
Build info: version: '4.24.0', revision: '748ffc9bc3'
System info: os.name: 'Mac OS X', os.arch: 'x86_64', os.version: '15.0', java.version: '18.0.1'
Driver info: org.openqa.selenium.remote.RemoteWebDriver
Command: [d70c920e-a277-4e81-80dd-bf51efb0a658, findElement [using, value]]
Capabilities {acceptInsecureCerts: false, browserName: firefox, browserVersion: 130.0, moz:accessibilityChecks: false, moz:buildID: 20240829075237, moz:geckodriverVersion: 0.35.0, moz:headless: false, moz:platformVersion: 24.0.0, moz:processID: 32327, moz:profile: /var/folders/hq/w2wzr2wj0qq..., moz:shutdownTimeout: 60000, moz:webdriverClick: true, moz:windowless: false, pageLoadStrategy: normal, platformName: mac, proxy: Proxy(), se:bidiEnabled: false, se:cdp: ws://192.168.1.3:4444/sessi..., setWindowRect: true, strictFileInteractability: false, timeouts: {implicit: 0, pageLoad: 300000, script: 30000}, unhandledPromptBehavior: dismiss and notify, userAgent: Mozilla/5.0 (Macintosh; Int...}
22:37:01.448 [main] INFO  com.OpenCart.Login.TC_LoginPage - ************ Login Page Started ************* 
22:37:01.895 [main] INFO  com.OpenCart.Login.TC_LoginPage - Entering login details
22:37:02.715 [main] INFO  com.OpenCart.Login.TC_LoginPage - ************ Login Page Test Ended*********8
16:32:50.073 [main] INFO  com.OpenCart.Login.TC_LoginPage - ************ Login Page Started ************* 
16:32:51.148 [main] INFO  com.OpenCart.Login.TC_LoginPage - Entering login details
16:32:54.473 [main] INFO  com.OpenCart.Login.TC_LoginPage - ************ Login Page Test Ended*********8
16:48:14.874 [main] INFO  com.OpenCart.Login.TC_LoginPage - ************ Login Page Started ************* 
16:48:15.598 [main] INFO  com.OpenCart.Login.TC_LoginPage - Entering login details
16:48:16.642 [main] INFO  com.OpenCart.Login.TC_LoginPage - ************ Login Page Test Ended*********8
16:51:28.673 [main] INFO  com.OpenCart.Login.TC_LoginPage - ************ Login Page Started ************* 
16:51:29.552 [main] INFO  com.OpenCart.Login.TC_LoginPage - Entering login details
16:51:30.756 [main] INFO  com.OpenCart.Login.TC_LoginPage - ************ Login Page Test Ended*********8
18:42:05.145 [main] INFO  com.OpenCart.Login.TC_LoginPage - ************ Login Page Started ************* 
18:42:05.889 [main] INFO  com.OpenCart.Login.TC_LoginPage - Entering login details
18:42:06.668 [main] INFO  com.OpenCart.Login.TC_LoginPage - ************ Login Page Test Ended*********8
19:26:12.219 [main] INFO  com.OpenCart.Login.TC_LoginPage - ************ Login Page Started ************* 
19:26:14.286 [main] INFO  com.OpenCart.Login.TC_LoginPage - Entering login details
19:26:17.078 [main] INFO  com.OpenCart.Login.TC_LoginPage - ************ Login Page Test Ended*********8
20:26:19.040 [main] INFO  com.OpenCart.Login.TC_LoginPage - ************ Login Page Started ************* 
20:26:20.921 [main] INFO  com.OpenCart.Login.TC_LoginPage - Entering login details
20:26:23.899 [main] INFO  com.OpenCart.Login.TC_LoginPage - ************ Login Page Test Ended*********8
21:31:24.170 [main] DEBUG org.testng.TestNG - suiteXmlPath: "/Volumes/YTech/AA__Java_And Testing/E-Commerce_project/OpenCart/testng.xml"
21:32:43.398 [main] INFO  com.OpenCart.Login.TC_LoginPage - ************ Login Page Started ************* 
21:32:45.167 [main] INFO  com.OpenCart.Login.TC_LoginPage - Entering login details
21:32:47.403 [main] INFO  com.OpenCart.Login.TC_LoginPage - ************ Login Page Test Ended*********8
21:33:32.821 [main] DEBUG org.testng.TestNG - suiteXmlPath: "/Volumes/YTech/AA__Java_And Testing/E-Commerce_project/OpenCart/Build/testng.xml"
